<?xml version="1.0" encoding="UTF-8"?>
<testng-results skipped="0" failed="0" total="1" passed="1">
  <reporter-output>
  </reporter-output>
  <suite name="Default suite" duration-ms="88611" started-at="2017-12-22T07:23:48Z" finished-at="2017-12-22T07:25:17Z">
    <groups>
    </groups>
    <test name="Default test" duration-ms="88611" started-at="2017-12-22T07:23:48Z" finished-at="2017-12-22T07:25:17Z">
      <class name="com.incture.proj.testNg.LoginTest">
        <test-method status="PASS" signature="setUp()[pri:0, instance:com.incture.proj.testNg.LoginTest@27efef64]" name="setUp" is-config="true" duration-ms="58159" started-at="2017-12-22T12:53:48Z" finished-at="2017-12-22T12:54:46Z">
          <reporter-output>
          </reporter-output>
        </test-method> <!-- setUp -->
        <test-method status="PASS" signature="TestLogin()[pri:0, instance:com.incture.proj.testNg.LoginTest@27efef64]" name="TestLogin" duration-ms="30423" started-at="2017-12-22T12:54:46Z" finished-at="2017-12-22T12:55:17Z">
          <reporter-output>
          </reporter-output>
        </test-method> <!-- TestLogin -->
        <test-method status="PASS" signature="tearDown()[pri:0, instance:com.incture.proj.testNg.LoginTest@27efef64]" name="tearDown" is-config="true" duration-ms="0" started-at="2017-12-22T12:55:17Z" finished-at="2017-12-22T12:55:17Z">
          <reporter-output>
          </reporter-output>
        </test-method> <!-- tearDown -->
      </class> <!-- com.incture.proj.testNg.LoginTest -->
    </test> <!-- Default test -->
  </suite> <!-- Default suite -->
</testng-results>
